<?xml version="1.0" encoding="UTF-8"?>
<coverage generated="1591613745279" clover="3.2.0">
  <project timestamp="1591613745279" name="All files">
    <metrics statements="107" coveredstatements="107" conditionals="26" coveredconditionals="26" methods="53" coveredmethods="53" elements="186" coveredelements="186" complexity="0" loc="107" ncloc="107" packages="6" files="29" classes="29"/>
    <package name="src">
      <metrics statements="6" coveredstatements="6" conditionals="0" coveredconditionals="0" methods="4" coveredmethods="4"/>
      <file name="App.js" path="C:\Users\asif.syed\react_playground\react-testing\src\App.js">
        <metrics statements="1" coveredstatements="1" conditionals="0" coveredconditionals="0" methods="1" coveredmethods="1"/>
        <line num="9" count="5" type="stmt"/>
      </file>
      <file name="apiCalls.js" path="C:\Users\asif.syed\react_playground\react-testing\src\apiCalls.js">
        <metrics statements="2" coveredstatements="2" conditionals="0" coveredconditionals="0" methods="1" coveredmethods="1"/>
        <line num="4" count="4" type="stmt"/>
        <line num="5" count="1" type="stmt"/>
      </file>
      <file name="enzymeSetUp.js" path="C:\Users\asif.syed\react_playground\react-testing\src\enzymeSetUp.js">
        <metrics statements="1" coveredstatements="1" conditionals="0" coveredconditionals="0" methods="0" coveredmethods="0"/>
        <line num="4" count="10" type="stmt"/>
      </file>
      <file name="index.js" path="C:\Users\asif.syed\react_playground\react-testing\src\index.js">
        <metrics statements="0" coveredstatements="0" conditionals="0" coveredconditionals="0" methods="0" coveredmethods="0"/>
      </file>
      <file name="testHelpers.js" path="C:\Users\asif.syed\react_playground\react-testing\src\testHelpers.js">
        <metrics statements="2" coveredstatements="2" conditionals="0" coveredconditionals="0" methods="2" coveredmethods="2"/>
        <line num="4" count="20" type="stmt"/>
        <line num="6" count="12" type="stmt"/>
      </file>
    </package>
    <package name="src.Components">
      <metrics statements="17" coveredstatements="17" conditionals="0" coveredconditionals="0" methods="13" coveredmethods="13"/>
      <file name="Comments.js" path="C:\Users\asif.syed\react_playground\react-testing\src\Components\Comments.js">
        <metrics statements="4" coveredstatements="4" conditionals="0" coveredconditionals="0" methods="3" coveredmethods="3"/>
        <line num="7" count="6" type="stmt"/>
        <line num="11" count="6" type="stmt"/>
        <line num="17" count="5" type="stmt"/>
        <line num="23" count="5" type="stmt"/>
      </file>
      <file name="Entry.js" path="C:\Users\asif.syed\react_playground\react-testing\src\Components\Entry.js">
        <metrics statements="2" coveredstatements="2" conditionals="0" coveredconditionals="0" methods="1" coveredmethods="1"/>
        <line num="5" count="2" type="stmt"/>
        <line num="14" count="8" type="stmt"/>
      </file>
      <file name="ErrorAlert.js" path="C:\Users\asif.syed\react_playground\react-testing\src\Components\ErrorAlert.js">
        <metrics statements="1" coveredstatements="1" conditionals="0" coveredconditionals="0" methods="1" coveredmethods="1"/>
        <line num="5" count="1" type="stmt"/>
      </file>
      <file name="LoadedData.js" path="C:\Users\asif.syed\react_playground\react-testing\src\Components\LoadedData.js">
        <metrics statements="1" coveredstatements="1" conditionals="0" coveredconditionals="0" methods="1" coveredmethods="1"/>
        <line num="8" count="3" type="stmt"/>
      </file>
      <file name="Posts.js" path="C:\Users\asif.syed\react_playground\react-testing\src\Components\Posts.js">
        <metrics statements="4" coveredstatements="4" conditionals="0" coveredconditionals="0" methods="3" coveredmethods="3"/>
        <line num="8" count="3" type="stmt"/>
        <line num="12" count="1" type="stmt"/>
        <line num="18" count="5" type="stmt"/>
        <line num="22" count="5" type="stmt"/>
      </file>
      <file name="Spinner.js" path="C:\Users\asif.syed\react_playground\react-testing\src\Components\Spinner.js">
        <metrics statements="1" coveredstatements="1" conditionals="0" coveredconditionals="0" methods="1" coveredmethods="1"/>
        <line num="5" count="1" type="stmt"/>
      </file>
      <file name="Users.js" path="C:\Users\asif.syed\react_playground\react-testing\src\Components\Users.js">
        <metrics statements="4" coveredstatements="4" conditionals="0" coveredconditionals="0" methods="3" coveredmethods="3"/>
        <line num="7" count="6" type="stmt"/>
        <line num="11" count="6" type="stmt"/>
        <line num="16" count="5" type="stmt"/>
        <line num="22" count="5" type="stmt"/>
      </file>
    </package>
    <package name="src.Pages">
      <metrics statements="18" coveredstatements="18" conditionals="4" coveredconditionals="4" methods="13" coveredmethods="13"/>
      <file name="LandingPage.js" path="C:\Users\asif.syed\react_playground\react-testing\src\Pages\LandingPage.js">
        <metrics statements="10" coveredstatements="10" conditionals="0" coveredconditionals="0" methods="5" coveredmethods="5"/>
        <line num="7" count="9" type="stmt"/>
        <line num="9" count="9" type="stmt"/>
        <line num="24" count="9" type="stmt"/>
        <line num="26" count="2" type="stmt"/>
        <line num="28" count="2" type="stmt"/>
        <line num="30" count="2" type="stmt"/>
        <line num="32" count="9" type="stmt"/>
        <line num="38" count="9" type="stmt"/>
        <line num="47" count="4" type="stmt"/>
        <line num="48" count="1" type="stmt"/>
      </file>
      <file name="MainPage.js" path="C:\Users\asif.syed\react_playground\react-testing\src\Pages\MainPage.js">
        <metrics statements="6" coveredstatements="6" conditionals="4" coveredconditionals="4" methods="6" coveredmethods="6"/>
        <line num="10" count="10" type="stmt"/>
        <line num="26" count="5" type="stmt"/>
        <line num="31" count="5" type="stmt"/>
        <line num="32" count="1" type="stmt"/>
        <line num="33" count="1" type="stmt"/>
        <line num="34" count="1" type="stmt"/>
      </file>
      <file name="NotFoundPage.js" path="C:\Users\asif.syed\react_playground\react-testing\src\Pages\NotFoundPage.js">
        <metrics statements="2" coveredstatements="2" conditionals="0" coveredconditionals="0" methods="2" coveredmethods="2"/>
        <line num="5" count="2" type="stmt"/>
        <line num="13" count="1" type="stmt"/>
      </file>
    </package>
    <package name="src.redux">
      <metrics statements="9" coveredstatements="9" conditionals="0" coveredconditionals="0" methods="9" coveredmethods="9"/>
      <file name="actionTypes.js" path="C:\Users\asif.syed\react_playground\react-testing\src\redux\actionTypes.js">
        <metrics statements="0" coveredstatements="0" conditionals="0" coveredconditionals="0" methods="0" coveredmethods="0"/>
      </file>
      <file name="actions.js" path="C:\Users\asif.syed\react_playground\react-testing\src\redux\actions.js">
        <metrics statements="9" coveredstatements="9" conditionals="0" coveredconditionals="0" methods="9" coveredmethods="9"/>
        <line num="3" count="4" type="stmt"/>
        <line num="7" count="4" type="stmt"/>
        <line num="10" count="4" type="stmt"/>
        <line num="14" count="4" type="stmt"/>
        <line num="17" count="4" type="stmt"/>
        <line num="20" count="4" type="stmt"/>
        <line num="23" count="4" type="stmt"/>
        <line num="27" count="4" type="stmt"/>
        <line num="31" count="4" type="stmt"/>
      </file>
    </package>
    <package name="src.redux.reducers">
      <metrics statements="32" coveredstatements="32" conditionals="22" coveredconditionals="22" methods="6" coveredmethods="6"/>
      <file name="commentsReducer.js" path="C:\Users\asif.syed\react_playground\react-testing\src\redux\reducers\commentsReducer.js">
        <metrics statements="5" coveredstatements="5" conditionals="3" coveredconditionals="3" methods="1" coveredmethods="1"/>
        <line num="1" count="11" type="cond" truecount="1" falsecount="0"/>
        <line num="2" count="36" type="cond" truecount="2" falsecount="0"/>
        <line num="3" count="2" type="stmt"/>
        <line num="4" count="2" type="stmt"/>
        <line num="6" count="34" type="stmt"/>
      </file>
      <file name="errorReducer.js" path="C:\Users\asif.syed\react_playground\react-testing\src\redux\reducers\errorReducer.js">
        <metrics statements="6" coveredstatements="6" conditionals="5" coveredconditionals="5" methods="1" coveredmethods="1"/>
        <line num="1" count="11" type="cond" truecount="1" falsecount="0"/>
        <line num="2" count="36" type="cond" truecount="2" falsecount="0"/>
        <line num="3" count="1" type="stmt"/>
        <line num="4" count="35" type="cond" truecount="2" falsecount="0"/>
        <line num="5" count="1" type="stmt"/>
        <line num="7" count="34" type="stmt"/>
      </file>
      <file name="index.js" path="C:\Users\asif.syed\react_playground\react-testing\src\redux\reducers\index.js">
        <metrics statements="1" coveredstatements="1" conditionals="0" coveredconditionals="0" methods="0" coveredmethods="0"/>
        <line num="10" count="10" type="stmt"/>
      </file>
      <file name="loadingReducer.js" path="C:\Users\asif.syed\react_playground\react-testing\src\redux\reducers\loadingReducer.js">
        <metrics statements="6" coveredstatements="6" conditionals="5" coveredconditionals="5" methods="1" coveredmethods="1"/>
        <line num="1" count="11" type="cond" truecount="1" falsecount="0"/>
        <line num="2" count="36" type="cond" truecount="2" falsecount="0"/>
        <line num="3" count="1" type="stmt"/>
        <line num="4" count="35" type="cond" truecount="2" falsecount="0"/>
        <line num="5" count="1" type="stmt"/>
        <line num="7" count="34" type="stmt"/>
      </file>
      <file name="nameReducer.js" path="C:\Users\asif.syed\react_playground\react-testing\src\redux\reducers\nameReducer.js">
        <metrics statements="4" coveredstatements="4" conditionals="3" coveredconditionals="3" methods="1" coveredmethods="1"/>
        <line num="1" count="11" type="cond" truecount="1" falsecount="0"/>
        <line num="2" count="36" type="cond" truecount="2" falsecount="0"/>
        <line num="3" count="3" type="stmt"/>
        <line num="5" count="33" type="stmt"/>
      </file>
      <file name="postsReducer.js" path="C:\Users\asif.syed\react_playground\react-testing\src\redux\reducers\postsReducer.js">
        <metrics statements="5" coveredstatements="5" conditionals="3" coveredconditionals="3" methods="1" coveredmethods="1"/>
        <line num="1" count="11" type="cond" truecount="1" falsecount="0"/>
        <line num="2" count="36" type="cond" truecount="2" falsecount="0"/>
        <line num="3" count="2" type="stmt"/>
        <line num="4" count="2" type="stmt"/>
        <line num="6" count="34" type="stmt"/>
      </file>
      <file name="usersReducer.js" path="C:\Users\asif.syed\react_playground\react-testing\src\redux\reducers\usersReducer.js">
        <metrics statements="5" coveredstatements="5" conditionals="3" coveredconditionals="3" methods="1" coveredmethods="1"/>
        <line num="2" count="11" type="cond" truecount="1" falsecount="0"/>
        <line num="4" count="36" type="cond" truecount="2" falsecount="0"/>
        <line num="5" count="2" type="stmt"/>
        <line num="7" count="2" type="stmt"/>
        <line num="9" count="34" type="stmt"/>
      </file>
    </package>
    <package name="src.redux.sagas">
      <metrics statements="25" coveredstatements="25" conditionals="0" coveredconditionals="0" methods="8" coveredmethods="8"/>
      <file name="getCommentsSaga.js" path="C:\Users\asif.syed\react_playground\react-testing\src\redux\sagas\getCommentsSaga.js">
        <metrics statements="4" coveredstatements="4" conditionals="0" coveredconditionals="0" methods="1" coveredmethods="1"/>
        <line num="6" count="3" type="stmt"/>
        <line num="7" count="3" type="stmt"/>
        <line num="8" count="3" type="stmt"/>
        <line num="9" count="2" type="stmt"/>
      </file>
      <file name="getPostsSaga.js" path="C:\Users\asif.syed\react_playground\react-testing\src\redux\sagas\getPostsSaga.js">
        <metrics statements="4" coveredstatements="4" conditionals="0" coveredconditionals="0" methods="1" coveredmethods="1"/>
        <line num="6" count="3" type="stmt"/>
        <line num="7" count="3" type="stmt"/>
        <line num="8" count="3" type="stmt"/>
        <line num="9" count="2" type="stmt"/>
      </file>
      <file name="getUsersSaga.js" path="C:\Users\asif.syed\react_playground\react-testing\src\redux\sagas\getUsersSaga.js">
        <metrics statements="4" coveredstatements="4" conditionals="0" coveredconditionals="0" methods="1" coveredmethods="1"/>
        <line num="7" count="3" type="stmt"/>
        <line num="8" count="3" type="stmt"/>
        <line num="9" count="3" type="stmt"/>
        <line num="10" count="2" type="stmt"/>
      </file>
      <file name="helperSagas.js" path="C:\Users\asif.syed\react_playground\react-testing\src\redux\sagas\helperSagas.js">
        <metrics statements="10" coveredstatements="10" conditionals="0" coveredconditionals="0" methods="4" coveredmethods="4"/>
        <line num="8" count="10" type="stmt"/>
        <line num="9" count="10" type="stmt"/>
        <line num="15" count="9" type="stmt"/>
        <line num="16" count="9" type="stmt"/>
        <line num="17" count="3" type="stmt"/>
        <line num="20" count="3" type="stmt"/>
        <line num="26" count="7" type="stmt"/>
        <line num="27" count="7" type="stmt"/>
        <line num="32" count="4" type="stmt"/>
        <line num="33" count="4" type="stmt"/>
      </file>
      <file name="index.js" path="C:\Users\asif.syed\react_playground\react-testing\src\redux\sagas\index.js">
        <metrics statements="3" coveredstatements="3" conditionals="0" coveredconditionals="0" methods="1" coveredmethods="1"/>
        <line num="7" count="1" type="stmt"/>
        <line num="8" count="1" type="stmt"/>
        <line num="9" count="1" type="stmt"/>
      </file>
    </package>
  </project>
</coverage>
