{"C:\\Users\\asif.syed\\react_playground\\react-testing\\src\\App.js": {"path":"C:\\Users\\asif.syed\\react_playground\\react-testing\\src\\App.js","statementMap":{"0":{"start":{"line":9,"column":1},"end":{"line":17,"column":4}}},"fnMap":{"0":{"name":"App","decl":{"start":{"line":8,"column":9},"end":{"line":8,"column":12}},"loc":{"start":{"line":8,"column":20},"end":{"line":18,"column":1}},"line":8}},"branchMap":{},"s":{"0":5},"f":{"0":5},"b":{},"_coverageSchema":"43e27e138ebf9cfc5966b082cf9a028302ed4184","hash":"44cb90c2e5994edf9b6cd5c6483596b07860cda4"}
,"C:\\Users\\asif.syed\\react_playground\\react-testing\\src\\apiCalls.js": {"path":"C:\\Users\\asif.syed\\react_playground\\react-testing\\src\\apiCalls.js","statementMap":{"0":{"start":{"line":4,"column":17},"end":{"line":4,"column":37}},"1":{"start":{"line":5,"column":4},"end":{"line":5,"column":20}}},"fnMap":{"0":{"name":"getData","decl":{"start":{"line":3,"column":15},"end":{"line":3,"column":22}},"loc":{"start":{"line":3,"column":27},"end":{"line":6,"column":1}},"line":3}},"branchMap":{},"s":{"0":4,"1":1},"f":{"0":4},"b":{},"_coverageSchema":"43e27e138ebf9cfc5966b082cf9a028302ed4184","hash":"67ad4d876f3ff5e3fd04c9d18dd77cfcbf5e5fc3"}
,"C:\\Users\\asif.syed\\react_playground\\react-testing\\src\\enzymeSetUp.js": {"path":"C:\\Users\\asif.syed\\react_playground\\react-testing\\src\\enzymeSetUp.js","statementMap":{"0":{"start":{"line":4,"column":0},"end":{"line":4,"column":45}}},"fnMap":{},"branchMap":{},"s":{"0":10},"f":{},"b":{},"_coverageSchema":"43e27e138ebf9cfc5966b082cf9a028302ed4184","hash":"f4e754d434361027b6263e3d4705d6fd057b3940"}
,"C:\\Users\\asif.syed\\react_playground\\react-testing\\src\\index.js": {"path":"C:\\Users\\asif.syed\\react_playground\\react-testing\\src\\index.js","statementMap":{},"fnMap":{},"branchMap":{},"s":{},"f":{},"b":{},"hash":"4ffa40ce128699f4a88446d8b9d2fdd0b2c0a884"}
,"C:\\Users\\asif.syed\\react_playground\\react-testing\\src\\testHelpers.js": {"path":"C:\\Users\\asif.syed\\react_playground\\react-testing\\src\\testHelpers.js","statementMap":{"0":{"start":{"line":4,"column":33},"end":{"line":4,"column":89}},"1":{"start":{"line":4,"column":52},"end":{"line":4,"column":89}},"2":{"start":{"line":6,"column":28},"end":{"line":6,"column":82}},"3":{"start":{"line":6,"column":44},"end":{"line":6,"column":82}}},"fnMap":{"0":{"name":"(anonymous_0)","decl":{"start":{"line":4,"column":33},"end":{"line":4,"column":34}},"loc":{"start":{"line":4,"column":52},"end":{"line":4,"column":89}},"line":4},"1":{"name":"(anonymous_1)","decl":{"start":{"line":6,"column":28},"end":{"line":6,"column":29}},"loc":{"start":{"line":6,"column":44},"end":{"line":6,"column":82}},"line":6}},"branchMap":{},"s":{"0":10,"1":20,"2":10,"3":12},"f":{"0":20,"1":12},"b":{},"_coverageSchema":"43e27e138ebf9cfc5966b082cf9a028302ed4184","hash":"0ec07f10b6e6d34d5d8e29fa9448a32c90bc3fb6"}
,"C:\\Users\\asif.syed\\react_playground\\react-testing\\src\\Components\\Comments.js": {"path":"C:\\Users\\asif.syed\\react_playground\\react-testing\\src\\Components\\Comments.js","statementMap":{"0":{"start":{"line":7,"column":4},"end":{"line":14,"column":5}},"1":{"start":{"line":11,"column":55},"end":{"line":11,"column":98}},"2":{"start":{"line":17,"column":0},"end":{"line":19,"column":1}},"3":{"start":{"line":23,"column":24},"end":{"line":25,"column":2}},"4":{"start":{"line":23,"column":34},"end":{"line":25,"column":1}}},"fnMap":{"0":{"name":"Comments","decl":{"start":{"line":6,"column":16},"end":{"line":6,"column":24}},"loc":{"start":{"line":6,"column":31},"end":{"line":15,"column":1}},"line":6},"1":{"name":"(anonymous_1)","decl":{"start":{"line":11,"column":35},"end":{"line":11,"column":36}},"loc":{"start":{"line":11,"column":55},"end":{"line":11,"column":98}},"line":11},"2":{"name":"(anonymous_2)","decl":{"start":{"line":23,"column":24},"end":{"line":23,"column":25}},"loc":{"start":{"line":23,"column":34},"end":{"line":25,"column":1}},"line":23}},"branchMap":{},"s":{"0":6,"1":6,"2":5,"3":5,"4":4},"f":{"0":6,"1":6,"2":4},"b":{},"_coverageSchema":"43e27e138ebf9cfc5966b082cf9a028302ed4184","hash":"811f8515dd41490303689ef25ec2366d21102a5d"}
,"C:\\Users\\asif.syed\\react_playground\\react-testing\\src\\Components\\Entry.js": {"path":"C:\\Users\\asif.syed\\react_playground\\react-testing\\src\\Components\\Entry.js","statementMap":{"0":{"start":{"line":5,"column":4},"end":{"line":11,"column":5}},"1":{"start":{"line":14,"column":0},"end":{"line":16,"column":1}}},"fnMap":{"0":{"name":"Entry","decl":{"start":{"line":4,"column":9},"end":{"line":4,"column":14}},"loc":{"start":{"line":4,"column":25},"end":{"line":12,"column":1}},"line":4}},"branchMap":{},"s":{"0":2,"1":8},"f":{"0":2},"b":{},"_coverageSchema":"43e27e138ebf9cfc5966b082cf9a028302ed4184","hash":"b83e9776addecfb49a2ed4751bbab365f9f7bf25"}
,"C:\\Users\\asif.syed\\react_playground\\react-testing\\src\\Components\\ErrorAlert.js": {"path":"C:\\Users\\asif.syed\\react_playground\\react-testing\\src\\Components\\ErrorAlert.js","statementMap":{"0":{"start":{"line":5,"column":4},"end":{"line":9,"column":5}}},"fnMap":{"0":{"name":"ErrorAlert","decl":{"start":{"line":4,"column":9},"end":{"line":4,"column":19}},"loc":{"start":{"line":4,"column":21},"end":{"line":10,"column":1}},"line":4}},"branchMap":{},"s":{"0":1},"f":{"0":1},"b":{},"_coverageSchema":"43e27e138ebf9cfc5966b082cf9a028302ed4184","hash":"c61fe6b7c8dacb0d9cf195f2dcf2f1b7af927df7"}
,"C:\\Users\\asif.syed\\react_playground\\react-testing\\src\\Components\\LoadedData.js": {"path":"C:\\Users\\asif.syed\\react_playground\\react-testing\\src\\Components\\LoadedData.js","statementMap":{"0":{"start":{"line":8,"column":4},"end":{"line":22,"column":5}}},"fnMap":{"0":{"name":"LoadedData","decl":{"start":{"line":7,"column":9},"end":{"line":7,"column":19}},"loc":{"start":{"line":7,"column":21},"end":{"line":23,"column":1}},"line":7}},"branchMap":{},"s":{"0":3},"f":{"0":3},"b":{},"_coverageSchema":"43e27e138ebf9cfc5966b082cf9a028302ed4184","hash":"8571c451904451f75afda80bd6a99d3835aa2eca"}
,"C:\\Users\\asif.syed\\react_playground\\react-testing\\src\\Components\\Posts.js": {"path":"C:\\Users\\asif.syed\\react_playground\\react-testing\\src\\Components\\Posts.js","statementMap":{"0":{"start":{"line":8,"column":4},"end":{"line":15,"column":5}},"1":{"start":{"line":12,"column":49},"end":{"line":12,"column":87}},"2":{"start":{"line":18,"column":0},"end":{"line":20,"column":1}},"3":{"start":{"line":22,"column":24},"end":{"line":24,"column":2}},"4":{"start":{"line":22,"column":34},"end":{"line":24,"column":1}}},"fnMap":{"0":{"name":"Post","decl":{"start":{"line":7,"column":9},"end":{"line":7,"column":13}},"loc":{"start":{"line":7,"column":20},"end":{"line":16,"column":1}},"line":7},"1":{"name":"(anonymous_1)","decl":{"start":{"line":12,"column":32},"end":{"line":12,"column":33}},"loc":{"start":{"line":12,"column":49},"end":{"line":12,"column":87}},"line":12},"2":{"name":"(anonymous_2)","decl":{"start":{"line":22,"column":24},"end":{"line":22,"column":25}},"loc":{"start":{"line":22,"column":34},"end":{"line":24,"column":1}},"line":22}},"branchMap":{},"s":{"0":3,"1":1,"2":5,"3":5,"4":4},"f":{"0":3,"1":1,"2":4},"b":{},"_coverageSchema":"43e27e138ebf9cfc5966b082cf9a028302ed4184","hash":"f0d230f281b8677e70a272ffb7db82ef20cee697"}
,"C:\\Users\\asif.syed\\react_playground\\react-testing\\src\\Components\\Spinner.js": {"path":"C:\\Users\\asif.syed\\react_playground\\react-testing\\src\\Components\\Spinner.js","statementMap":{"0":{"start":{"line":5,"column":4},"end":{"line":14,"column":5}}},"fnMap":{"0":{"name":"LoadingSpinner","decl":{"start":{"line":4,"column":9},"end":{"line":4,"column":23}},"loc":{"start":{"line":4,"column":25},"end":{"line":15,"column":1}},"line":4}},"branchMap":{},"s":{"0":1},"f":{"0":1},"b":{},"_coverageSchema":"43e27e138ebf9cfc5966b082cf9a028302ed4184","hash":"cdd0840ab1faccf0d98de05e1dfdc699c219ef00"}
,"C:\\Users\\asif.syed\\react_playground\\react-testing\\src\\Components\\Users.js": {"path":"C:\\Users\\asif.syed\\react_playground\\react-testing\\src\\Components\\Users.js","statementMap":{"0":{"start":{"line":7,"column":4},"end":{"line":14,"column":5}},"1":{"start":{"line":11,"column":49},"end":{"line":11,"column":87}},"2":{"start":{"line":16,"column":0},"end":{"line":18,"column":1}},"3":{"start":{"line":22,"column":24},"end":{"line":24,"column":2}},"4":{"start":{"line":22,"column":34},"end":{"line":24,"column":1}}},"fnMap":{"0":{"name":"User","decl":{"start":{"line":6,"column":9},"end":{"line":6,"column":13}},"loc":{"start":{"line":6,"column":20},"end":{"line":15,"column":1}},"line":6},"1":{"name":"(anonymous_1)","decl":{"start":{"line":11,"column":32},"end":{"line":11,"column":33}},"loc":{"start":{"line":11,"column":49},"end":{"line":11,"column":87}},"line":11},"2":{"name":"(anonymous_2)","decl":{"start":{"line":22,"column":24},"end":{"line":22,"column":25}},"loc":{"start":{"line":22,"column":34},"end":{"line":24,"column":1}},"line":22}},"branchMap":{},"s":{"0":6,"1":6,"2":5,"3":5,"4":4},"f":{"0":6,"1":6,"2":4},"b":{},"_coverageSchema":"43e27e138ebf9cfc5966b082cf9a028302ed4184","hash":"3f88f2d3e22095083c5c25a1b04321a587fb4c85"}
,"C:\\Users\\asif.syed\\react_playground\\react-testing\\src\\Pages\\LandingPage.js": {"path":"C:\\Users\\asif.syed\\react_playground\\react-testing\\src\\Pages\\LandingPage.js","statementMap":{"0":{"start":{"line":7,"column":38},"end":{"line":7,"column":58}},"1":{"start":{"line":9,"column":19},"end":{"line":23,"column":5}},"2":{"start":{"line":24,"column":25},"end":{"line":31,"column":5}},"3":{"start":{"line":26,"column":8},"end":{"line":26,"column":39}},"4":{"start":{"line":28,"column":8},"end":{"line":28,"column":45}},"5":{"start":{"line":30,"column":8},"end":{"line":30,"column":35}},"6":{"start":{"line":32,"column":4},"end":{"line":42,"column":5}},"7":{"start":{"line":38,"column":38},"end":{"line":38,"column":65}},"8":{"start":{"line":47,"column":27},"end":{"line":49,"column":2}},"9":{"start":{"line":47,"column":40},"end":{"line":49,"column":1}},"10":{"start":{"line":48,"column":32},"end":{"line":48,"column":61}}},"fnMap":{"0":{"name":"UnConnectedLandingPage","decl":{"start":{"line":6,"column":16},"end":{"line":6,"column":38}},"loc":{"start":{"line":6,"column":45},"end":{"line":43,"column":1}},"line":6},"1":{"name":"(anonymous_1)","decl":{"start":{"line":24,"column":25},"end":{"line":24,"column":26}},"loc":{"start":{"line":24,"column":31},"end":{"line":31,"column":5}},"line":24},"2":{"name":"(anonymous_2)","decl":{"start":{"line":38,"column":29},"end":{"line":38,"column":30}},"loc":{"start":{"line":38,"column":38},"end":{"line":38,"column":65}},"line":38},"3":{"name":"(anonymous_3)","decl":{"start":{"line":47,"column":27},"end":{"line":47,"column":28}},"loc":{"start":{"line":47,"column":40},"end":{"line":49,"column":1}},"line":47},"4":{"name":"(anonymous_4)","decl":{"start":{"line":48,"column":21},"end":{"line":48,"column":22}},"loc":{"start":{"line":48,"column":32},"end":{"line":48,"column":61}},"line":48}},"branchMap":{},"s":{"0":9,"1":9,"2":9,"3":2,"4":2,"5":2,"6":9,"7":9,"8":2,"9":4,"10":1},"f":{"0":9,"1":2,"2":9,"3":4,"4":1},"b":{},"_coverageSchema":"43e27e138ebf9cfc5966b082cf9a028302ed4184","hash":"b17a32dfd45aca6043484e8d057b8dafc35c6323"}
,"C:\\Users\\asif.syed\\react_playground\\react-testing\\src\\Pages\\MainPage.js": {"path":"C:\\Users\\asif.syed\\react_playground\\react-testing\\src\\Pages\\MainPage.js","statementMap":{"0":{"start":{"line":10,"column":1},"end":{"line":23,"column":4}},"1":{"start":{"line":26,"column":24},"end":{"line":30,"column":2}},"2":{"start":{"line":26,"column":34},"end":{"line":30,"column":1}},"3":{"start":{"line":31,"column":34},"end":{"line":35,"column":2}},"4":{"start":{"line":31,"column":47},"end":{"line":35,"column":1}},"5":{"start":{"line":32,"column":18},"end":{"line":32,"column":43}},"6":{"start":{"line":33,"column":18},"end":{"line":33,"column":43}},"7":{"start":{"line":34,"column":21},"end":{"line":34,"column":49}}},"fnMap":{"0":{"name":"UnConnectedMainPage","decl":{"start":{"line":8,"column":16},"end":{"line":8,"column":35}},"loc":{"start":{"line":8,"column":43},"end":{"line":24,"column":1}},"line":8},"1":{"name":"(anonymous_1)","decl":{"start":{"line":26,"column":24},"end":{"line":26,"column":25}},"loc":{"start":{"line":26,"column":34},"end":{"line":30,"column":1}},"line":26},"2":{"name":"(anonymous_2)","decl":{"start":{"line":31,"column":34},"end":{"line":31,"column":35}},"loc":{"start":{"line":31,"column":47},"end":{"line":35,"column":1}},"line":31},"3":{"name":"(anonymous_3)","decl":{"start":{"line":32,"column":12},"end":{"line":32,"column":13}},"loc":{"start":{"line":32,"column":18},"end":{"line":32,"column":43}},"line":32},"4":{"name":"(anonymous_4)","decl":{"start":{"line":33,"column":12},"end":{"line":33,"column":13}},"loc":{"start":{"line":33,"column":18},"end":{"line":33,"column":43}},"line":33},"5":{"name":"(anonymous_5)","decl":{"start":{"line":34,"column":15},"end":{"line":34,"column":16}},"loc":{"start":{"line":34,"column":21},"end":{"line":34,"column":49}},"line":34}},"branchMap":{"0":{"loc":{"start":{"line":19,"column":7},"end":{"line":19,"column":42}},"type":"cond-expr","locations":[{"start":{"line":19,"column":21},"end":{"line":19,"column":35}},{"start":{"line":19,"column":38},"end":{"line":19,"column":42}}],"line":19},"1":{"loc":{"start":{"line":21,"column":8},"end":{"line":21,"column":59}},"type":"cond-expr","locations":[{"start":{"line":21,"column":24},"end":{"line":21,"column":42}},{"start":{"line":21,"column":45},"end":{"line":21,"column":59}}],"line":21}},"s":{"0":10,"1":3,"2":5,"3":3,"4":5,"5":1,"6":1,"7":1},"f":{"0":10,"1":5,"2":5,"3":1,"4":1,"5":1},"b":{"0":[1,9],"1":[1,9]},"_coverageSchema":"43e27e138ebf9cfc5966b082cf9a028302ed4184","hash":"0f21edfd79c50a28eaa58454c1984969f5377276"}
,"C:\\Users\\asif.syed\\react_playground\\react-testing\\src\\Pages\\NotFoundPage.js": {"path":"C:\\Users\\asif.syed\\react_playground\\react-testing\\src\\Pages\\NotFoundPage.js","statementMap":{"0":{"start":{"line":5,"column":4},"end":{"line":16,"column":5}},"1":{"start":{"line":13,"column":81},"end":{"line":13,"column":104}}},"fnMap":{"0":{"name":"NotFoundPage","decl":{"start":{"line":4,"column":9},"end":{"line":4,"column":21}},"loc":{"start":{"line":4,"column":28},"end":{"line":17,"column":1}},"line":4},"1":{"name":"(anonymous_1)","decl":{"start":{"line":13,"column":75},"end":{"line":13,"column":76}},"loc":{"start":{"line":13,"column":81},"end":{"line":13,"column":104}},"line":13}},"branchMap":{},"s":{"0":2,"1":1},"f":{"0":2,"1":1},"b":{},"_coverageSchema":"43e27e138ebf9cfc5966b082cf9a028302ed4184","hash":"d0581f4a3ee75e75be87658860d027ae52e9319f"}
,"C:\\Users\\asif.syed\\react_playground\\react-testing\\src\\redux\\actionTypes.js": {"path":"C:\\Users\\asif.syed\\react_playground\\react-testing\\src\\redux\\actionTypes.js","statementMap":{},"fnMap":{},"branchMap":{},"s":{},"f":{},"b":{},"_coverageSchema":"43e27e138ebf9cfc5966b082cf9a028302ed4184","hash":"4f182c4824e6768af79017113035c52f51c1356f"}
,"C:\\Users\\asif.syed\\react_playground\\react-testing\\src\\redux\\actions.js": {"path":"C:\\Users\\asif.syed\\react_playground\\react-testing\\src\\redux\\actions.js","statementMap":{"0":{"start":{"line":3,"column":22},"end":{"line":5,"column":2}},"1":{"start":{"line":3,"column":29},"end":{"line":5,"column":1}},"2":{"start":{"line":7,"column":21},"end":{"line":9,"column":2}},"3":{"start":{"line":7,"column":28},"end":{"line":9,"column":1}},"4":{"start":{"line":10,"column":19},"end":{"line":13,"column":2}},"5":{"start":{"line":10,"column":31},"end":{"line":13,"column":1}},"6":{"start":{"line":14,"column":20},"end":{"line":16,"column":2}},"7":{"start":{"line":14,"column":27},"end":{"line":16,"column":1}},"8":{"start":{"line":17,"column":22},"end":{"line":19,"column":2}},"9":{"start":{"line":17,"column":29},"end":{"line":19,"column":1}},"10":{"start":{"line":20,"column":25},"end":{"line":22,"column":2}},"11":{"start":{"line":20,"column":32},"end":{"line":22,"column":1}},"12":{"start":{"line":23,"column":22},"end":{"line":26,"column":2}},"13":{"start":{"line":23,"column":34},"end":{"line":26,"column":1}},"14":{"start":{"line":27,"column":22},"end":{"line":30,"column":2}},"15":{"start":{"line":27,"column":34},"end":{"line":30,"column":1}},"16":{"start":{"line":31,"column":25},"end":{"line":34,"column":2}},"17":{"start":{"line":31,"column":38},"end":{"line":34,"column":1}}},"fnMap":{"0":{"name":"(anonymous_0)","decl":{"start":{"line":3,"column":22},"end":{"line":3,"column":23}},"loc":{"start":{"line":3,"column":29},"end":{"line":5,"column":1}},"line":3},"1":{"name":"(anonymous_1)","decl":{"start":{"line":7,"column":21},"end":{"line":7,"column":22}},"loc":{"start":{"line":7,"column":28},"end":{"line":9,"column":1}},"line":7},"2":{"name":"(anonymous_2)","decl":{"start":{"line":10,"column":19},"end":{"line":10,"column":20}},"loc":{"start":{"line":10,"column":31},"end":{"line":13,"column":1}},"line":10},"3":{"name":"(anonymous_3)","decl":{"start":{"line":14,"column":20},"end":{"line":14,"column":21}},"loc":{"start":{"line":14,"column":27},"end":{"line":16,"column":1}},"line":14},"4":{"name":"(anonymous_4)","decl":{"start":{"line":17,"column":22},"end":{"line":17,"column":23}},"loc":{"start":{"line":17,"column":29},"end":{"line":19,"column":1}},"line":17},"5":{"name":"(anonymous_5)","decl":{"start":{"line":20,"column":25},"end":{"line":20,"column":26}},"loc":{"start":{"line":20,"column":32},"end":{"line":22,"column":1}},"line":20},"6":{"name":"(anonymous_6)","decl":{"start":{"line":23,"column":22},"end":{"line":23,"column":23}},"loc":{"start":{"line":23,"column":34},"end":{"line":26,"column":1}},"line":23},"7":{"name":"(anonymous_7)","decl":{"start":{"line":27,"column":22},"end":{"line":27,"column":23}},"loc":{"start":{"line":27,"column":34},"end":{"line":30,"column":1}},"line":27},"8":{"name":"(anonymous_8)","decl":{"start":{"line":31,"column":25},"end":{"line":31,"column":26}},"loc":{"start":{"line":31,"column":38},"end":{"line":34,"column":1}},"line":31}},"branchMap":{},"s":{"0":4,"1":1,"2":4,"3":1,"4":4,"5":2,"6":4,"7":3,"8":4,"9":3,"10":4,"11":3,"12":4,"13":1,"14":4,"15":1,"16":4,"17":1},"f":{"0":1,"1":1,"2":2,"3":3,"4":3,"5":3,"6":1,"7":1,"8":1},"b":{},"_coverageSchema":"43e27e138ebf9cfc5966b082cf9a028302ed4184","hash":"cf896e200c803f4fbbd6ddd8e97f69e84c08d361"}
,"C:\\Users\\asif.syed\\react_playground\\react-testing\\src\\redux\\reducers\\commentsReducer.js": {"path":"C:\\Users\\asif.syed\\react_playground\\react-testing\\src\\redux\\reducers\\commentsReducer.js","statementMap":{"0":{"start":{"line":1,"column":24},"end":{"line":7,"column":1}},"1":{"start":{"line":2,"column":4},"end":{"line":5,"column":5}},"2":{"start":{"line":3,"column":25},"end":{"line":3,"column":65}},"3":{"start":{"line":4,"column":8},"end":{"line":4,"column":46}},"4":{"start":{"line":6,"column":4},"end":{"line":6,"column":23}}},"fnMap":{"0":{"name":"(anonymous_0)","decl":{"start":{"line":1,"column":24},"end":{"line":1,"column":25}},"loc":{"start":{"line":1,"column":55},"end":{"line":7,"column":1}},"line":1}},"branchMap":{"0":{"loc":{"start":{"line":1,"column":25},"end":{"line":1,"column":42}},"type":"default-arg","locations":[{"start":{"line":1,"column":40},"end":{"line":1,"column":42}}],"line":1},"1":{"loc":{"start":{"line":2,"column":4},"end":{"line":5,"column":5}},"type":"if","locations":[{"start":{"line":2,"column":4},"end":{"line":5,"column":5}},{"start":{"line":2,"column":4},"end":{"line":5,"column":5}}],"line":2}},"s":{"0":11,"1":36,"2":2,"3":2,"4":34},"f":{"0":36},"b":{"0":[31],"1":[2,34]},"_coverageSchema":"43e27e138ebf9cfc5966b082cf9a028302ed4184","hash":"24e9becc2b174f238be00b3e9f8dccfaa5d68344"}
,"C:\\Users\\asif.syed\\react_playground\\react-testing\\src\\redux\\reducers\\errorReducer.js": {"path":"C:\\Users\\asif.syed\\react_playground\\react-testing\\src\\redux\\reducers\\errorReducer.js","statementMap":{"0":{"start":{"line":1,"column":21},"end":{"line":8,"column":1}},"1":{"start":{"line":2,"column":4},"end":{"line":6,"column":5}},"2":{"start":{"line":3,"column":8},"end":{"line":3,"column":19}},"3":{"start":{"line":4,"column":10},"end":{"line":6,"column":5}},"4":{"start":{"line":5,"column":8},"end":{"line":5,"column":20}},"5":{"start":{"line":7,"column":4},"end":{"line":7,"column":23}}},"fnMap":{"0":{"name":"(anonymous_0)","decl":{"start":{"line":1,"column":21},"end":{"line":1,"column":22}},"loc":{"start":{"line":1,"column":55},"end":{"line":8,"column":1}},"line":1}},"branchMap":{"0":{"loc":{"start":{"line":1,"column":22},"end":{"line":1,"column":42}},"type":"default-arg","locations":[{"start":{"line":1,"column":37},"end":{"line":1,"column":42}}],"line":1},"1":{"loc":{"start":{"line":2,"column":4},"end":{"line":6,"column":5}},"type":"if","locations":[{"start":{"line":2,"column":4},"end":{"line":6,"column":5}},{"start":{"line":2,"column":4},"end":{"line":6,"column":5}}],"line":2},"2":{"loc":{"start":{"line":4,"column":10},"end":{"line":6,"column":5}},"type":"if","locations":[{"start":{"line":4,"column":10},"end":{"line":6,"column":5}},{"start":{"line":4,"column":10},"end":{"line":6,"column":5}}],"line":4}},"s":{"0":11,"1":36,"2":1,"3":35,"4":1,"5":34},"f":{"0":36},"b":{"0":[34],"1":[1,35],"2":[1,34]},"_coverageSchema":"43e27e138ebf9cfc5966b082cf9a028302ed4184","hash":"518ba14d9ca366a99b01921ca1344f67e7d6348b"}
,"C:\\Users\\asif.syed\\react_playground\\react-testing\\src\\redux\\reducers\\index.js": {"path":"C:\\Users\\asif.syed\\react_playground\\react-testing\\src\\redux\\reducers\\index.js","statementMap":{"0":{"start":{"line":10,"column":20},"end":{"line":17,"column":2}}},"fnMap":{},"branchMap":{},"s":{"0":10},"f":{},"b":{},"_coverageSchema":"43e27e138ebf9cfc5966b082cf9a028302ed4184","hash":"806e858d11aa3cd42ed56972fac8a6eba0ddb5e8"}
,"C:\\Users\\asif.syed\\react_playground\\react-testing\\src\\redux\\reducers\\loadingReducer.js": {"path":"C:\\Users\\asif.syed\\react_playground\\react-testing\\src\\redux\\reducers\\loadingReducer.js","statementMap":{"0":{"start":{"line":1,"column":23},"end":{"line":8,"column":1}},"1":{"start":{"line":2,"column":4},"end":{"line":6,"column":5}},"2":{"start":{"line":3,"column":8},"end":{"line":3,"column":19}},"3":{"start":{"line":4,"column":10},"end":{"line":6,"column":5}},"4":{"start":{"line":5,"column":8},"end":{"line":5,"column":20}},"5":{"start":{"line":7,"column":4},"end":{"line":7,"column":23}}},"fnMap":{"0":{"name":"(anonymous_0)","decl":{"start":{"line":1,"column":23},"end":{"line":1,"column":24}},"loc":{"start":{"line":1,"column":57},"end":{"line":8,"column":1}},"line":1}},"branchMap":{"0":{"loc":{"start":{"line":1,"column":24},"end":{"line":1,"column":44}},"type":"default-arg","locations":[{"start":{"line":1,"column":39},"end":{"line":1,"column":44}}],"line":1},"1":{"loc":{"start":{"line":2,"column":4},"end":{"line":6,"column":5}},"type":"if","locations":[{"start":{"line":2,"column":4},"end":{"line":6,"column":5}},{"start":{"line":2,"column":4},"end":{"line":6,"column":5}}],"line":2},"2":{"loc":{"start":{"line":4,"column":10},"end":{"line":6,"column":5}},"type":"if","locations":[{"start":{"line":4,"column":10},"end":{"line":6,"column":5}},{"start":{"line":4,"column":10},"end":{"line":6,"column":5}}],"line":4}},"s":{"0":11,"1":36,"2":1,"3":35,"4":1,"5":34},"f":{"0":36},"b":{"0":[34],"1":[1,35],"2":[1,34]},"_coverageSchema":"43e27e138ebf9cfc5966b082cf9a028302ed4184","hash":"e7fee209c7173651d683d016134a4ac4301164a4"}
,"C:\\Users\\asif.syed\\react_playground\\react-testing\\src\\redux\\reducers\\nameReducer.js": {"path":"C:\\Users\\asif.syed\\react_playground\\react-testing\\src\\redux\\reducers\\nameReducer.js","statementMap":{"0":{"start":{"line":1,"column":20},"end":{"line":6,"column":1}},"1":{"start":{"line":2,"column":4},"end":{"line":4,"column":5}},"2":{"start":{"line":3,"column":8},"end":{"line":3,"column":36}},"3":{"start":{"line":5,"column":4},"end":{"line":5,"column":24}}},"fnMap":{"0":{"name":"(anonymous_0)","decl":{"start":{"line":1,"column":20},"end":{"line":1,"column":21}},"loc":{"start":{"line":1,"column":52},"end":{"line":6,"column":1}},"line":1}},"branchMap":{"0":{"loc":{"start":{"line":1,"column":21},"end":{"line":1,"column":38}},"type":"default-arg","locations":[{"start":{"line":1,"column":36},"end":{"line":1,"column":38}}],"line":1},"1":{"loc":{"start":{"line":2,"column":4},"end":{"line":4,"column":5}},"type":"if","locations":[{"start":{"line":2,"column":4},"end":{"line":4,"column":5}},{"start":{"line":2,"column":4},"end":{"line":4,"column":5}}],"line":2}},"s":{"0":11,"1":36,"2":3,"3":33},"f":{"0":36},"b":{"0":[32],"1":[3,33]},"_coverageSchema":"43e27e138ebf9cfc5966b082cf9a028302ed4184","hash":"3cb4c7cca283c9561b224443e2c9821c8d0fbb46"}
,"C:\\Users\\asif.syed\\react_playground\\react-testing\\src\\redux\\reducers\\postsReducer.js": {"path":"C:\\Users\\asif.syed\\react_playground\\react-testing\\src\\redux\\reducers\\postsReducer.js","statementMap":{"0":{"start":{"line":1,"column":21},"end":{"line":7,"column":1}},"1":{"start":{"line":2,"column":4},"end":{"line":5,"column":5}},"2":{"start":{"line":3,"column":22},"end":{"line":3,"column":63}},"3":{"start":{"line":4,"column":8},"end":{"line":4,"column":43}},"4":{"start":{"line":6,"column":4},"end":{"line":6,"column":23}}},"fnMap":{"0":{"name":"(anonymous_0)","decl":{"start":{"line":1,"column":21},"end":{"line":1,"column":22}},"loc":{"start":{"line":1,"column":52},"end":{"line":7,"column":1}},"line":1}},"branchMap":{"0":{"loc":{"start":{"line":1,"column":22},"end":{"line":1,"column":39}},"type":"default-arg","locations":[{"start":{"line":1,"column":37},"end":{"line":1,"column":39}}],"line":1},"1":{"loc":{"start":{"line":2,"column":4},"end":{"line":5,"column":5}},"type":"if","locations":[{"start":{"line":2,"column":4},"end":{"line":5,"column":5}},{"start":{"line":2,"column":4},"end":{"line":5,"column":5}}],"line":2}},"s":{"0":11,"1":36,"2":2,"3":2,"4":34},"f":{"0":36},"b":{"0":[31],"1":[2,34]},"_coverageSchema":"43e27e138ebf9cfc5966b082cf9a028302ed4184","hash":"be5f46ba9580353ccfb1527a7c44c64228be11a2"}
,"C:\\Users\\asif.syed\\react_playground\\react-testing\\src\\redux\\reducers\\usersReducer.js": {"path":"C:\\Users\\asif.syed\\react_playground\\react-testing\\src\\redux\\reducers\\usersReducer.js","statementMap":{"0":{"start":{"line":2,"column":21},"end":{"line":10,"column":1}},"1":{"start":{"line":4,"column":4},"end":{"line":8,"column":5}},"2":{"start":{"line":5,"column":22},"end":{"line":5,"column":62}},"3":{"start":{"line":7,"column":8},"end":{"line":7,"column":43}},"4":{"start":{"line":9,"column":4},"end":{"line":9,"column":23}}},"fnMap":{"0":{"name":"(anonymous_0)","decl":{"start":{"line":2,"column":21},"end":{"line":2,"column":22}},"loc":{"start":{"line":2,"column":52},"end":{"line":10,"column":1}},"line":2}},"branchMap":{"0":{"loc":{"start":{"line":2,"column":22},"end":{"line":2,"column":39}},"type":"default-arg","locations":[{"start":{"line":2,"column":37},"end":{"line":2,"column":39}}],"line":2},"1":{"loc":{"start":{"line":4,"column":4},"end":{"line":8,"column":5}},"type":"if","locations":[{"start":{"line":4,"column":4},"end":{"line":8,"column":5}},{"start":{"line":4,"column":4},"end":{"line":8,"column":5}}],"line":4}},"s":{"0":11,"1":36,"2":2,"3":2,"4":34},"f":{"0":36},"b":{"0":[31],"1":[2,34]},"_coverageSchema":"43e27e138ebf9cfc5966b082cf9a028302ed4184","hash":"46f4b561d1368649b49e31fc6ff1dea70b0e0f36"}
,"C:\\Users\\asif.syed\\react_playground\\react-testing\\src\\redux\\sagas\\getCommentsSaga.js": {"path":"C:\\Users\\asif.syed\\react_playground\\react-testing\\src\\redux\\sagas\\getCommentsSaga.js","statementMap":{"0":{"start":{"line":6,"column":13},"end":{"line":6,"column":60}},"1":{"start":{"line":7,"column":1},"end":{"line":7,"column":27}},"2":{"start":{"line":8,"column":14},"end":{"line":8,"column":38}},"3":{"start":{"line":9,"column":1},"end":{"line":9,"column":63}}},"fnMap":{"0":{"name":"getCommentsData","decl":{"start":{"line":5,"column":25},"end":{"line":5,"column":40}},"loc":{"start":{"line":5,"column":43},"end":{"line":10,"column":1}},"line":5}},"branchMap":{},"s":{"0":3,"1":3,"2":3,"3":2},"f":{"0":3},"b":{},"_coverageSchema":"43e27e138ebf9cfc5966b082cf9a028302ed4184","hash":"baf7a863f6bbce0930de40636a0e298442839d39"}
,"C:\\Users\\asif.syed\\react_playground\\react-testing\\src\\redux\\sagas\\getPostsSaga.js": {"path":"C:\\Users\\asif.syed\\react_playground\\react-testing\\src\\redux\\sagas\\getPostsSaga.js","statementMap":{"0":{"start":{"line":6,"column":13},"end":{"line":6,"column":57}},"1":{"start":{"line":7,"column":1},"end":{"line":7,"column":27}},"2":{"start":{"line":8,"column":14},"end":{"line":8,"column":38}},"3":{"start":{"line":9,"column":1},"end":{"line":9,"column":60}}},"fnMap":{"0":{"name":"getPostsData","decl":{"start":{"line":5,"column":25},"end":{"line":5,"column":37}},"loc":{"start":{"line":5,"column":40},"end":{"line":10,"column":1}},"line":5}},"branchMap":{},"s":{"0":3,"1":3,"2":3,"3":2},"f":{"0":3},"b":{},"_coverageSchema":"43e27e138ebf9cfc5966b082cf9a028302ed4184","hash":"f3bf312420f489c9ae69712a6d8f07bf46f80695"}
,"C:\\Users\\asif.syed\\react_playground\\react-testing\\src\\redux\\sagas\\getUsersSaga.js": {"path":"C:\\Users\\asif.syed\\react_playground\\react-testing\\src\\redux\\sagas\\getUsersSaga.js","statementMap":{"0":{"start":{"line":7,"column":16},"end":{"line":7,"column":60}},"1":{"start":{"line":8,"column":4},"end":{"line":8,"column":30}},"2":{"start":{"line":9,"column":17},"end":{"line":9,"column":41}},"3":{"start":{"line":10,"column":4},"end":{"line":10,"column":63}}},"fnMap":{"0":{"name":"getUsersData","decl":{"start":{"line":6,"column":25},"end":{"line":6,"column":37}},"loc":{"start":{"line":6,"column":39},"end":{"line":11,"column":1}},"line":6}},"branchMap":{},"s":{"0":3,"1":3,"2":3,"3":2},"f":{"0":3},"b":{},"_coverageSchema":"43e27e138ebf9cfc5966b082cf9a028302ed4184","hash":"04641e19dbc09f1c5f95f528b526f24752b31d58"}
,"C:\\Users\\asif.syed\\react_playground\\react-testing\\src\\redux\\sagas\\helperSagas.js": {"path":"C:\\Users\\asif.syed\\react_playground\\react-testing\\src\\redux\\sagas\\helperSagas.js","statementMap":{"0":{"start":{"line":8,"column":4},"end":{"line":8,"column":44}},"1":{"start":{"line":9,"column":4},"end":{"line":9,"column":44}},"2":{"start":{"line":15,"column":4},"end":{"line":21,"column":5}},"3":{"start":{"line":16,"column":8},"end":{"line":16,"column":49}},"4":{"start":{"line":17,"column":8},"end":{"line":17,"column":20}},"5":{"start":{"line":20,"column":8},"end":{"line":20,"column":38}},"6":{"start":{"line":26,"column":4},"end":{"line":26,"column":40}},"7":{"start":{"line":27,"column":4},"end":{"line":27,"column":43}},"8":{"start":{"line":32,"column":4},"end":{"line":32,"column":40}},"9":{"start":{"line":33,"column":4},"end":{"line":33,"column":43}}},"fnMap":{"0":{"name":"beforeApiCall","decl":{"start":{"line":7,"column":17},"end":{"line":7,"column":30}},"loc":{"start":{"line":7,"column":32},"end":{"line":10,"column":1}},"line":7},"1":{"name":"apiCall","decl":{"start":{"line":13,"column":17},"end":{"line":13,"column":24}},"loc":{"start":{"line":13,"column":29},"end":{"line":22,"column":1}},"line":13},"2":{"name":"afterSuccessApiCall","decl":{"start":{"line":25,"column":17},"end":{"line":25,"column":36}},"loc":{"start":{"line":25,"column":51},"end":{"line":28,"column":1}},"line":25},"3":{"name":"afterFailedApiCall","decl":{"start":{"line":31,"column":17},"end":{"line":31,"column":35}},"loc":{"start":{"line":31,"column":37},"end":{"line":34,"column":1}},"line":31}},"branchMap":{},"s":{"0":10,"1":10,"2":9,"3":9,"4":3,"5":3,"6":7,"7":7,"8":4,"9":4},"f":{"0":10,"1":9,"2":7,"3":4},"b":{},"_coverageSchema":"43e27e138ebf9cfc5966b082cf9a028302ed4184","hash":"fde4f04f91e0283f4d428e35398fb042405c6d83"}
,"C:\\Users\\asif.syed\\react_playground\\react-testing\\src\\redux\\sagas\\index.js": {"path":"C:\\Users\\asif.syed\\react_playground\\react-testing\\src\\redux\\sagas\\index.js","statementMap":{"0":{"start":{"line":7,"column":4},"end":{"line":7,"column":46}},"1":{"start":{"line":8,"column":4},"end":{"line":8,"column":46}},"2":{"start":{"line":9,"column":4},"end":{"line":9,"column":53}}},"fnMap":{"0":{"name":"rootSaga","decl":{"start":{"line":6,"column":25},"end":{"line":6,"column":33}},"loc":{"start":{"line":6,"column":35},"end":{"line":10,"column":1}},"line":6}},"branchMap":{},"s":{"0":1,"1":1,"2":1},"f":{"0":1},"b":{},"_coverageSchema":"43e27e138ebf9cfc5966b082cf9a028302ed4184","hash":"33ae86baf434055c5d7c772642a740ef4a2e2eb7"}
}
