TN:
SF:C:\Users\asif.syed\react_playground\react-testing\src\App.js
FN:8,App
FNF:1
FNH:1
FNDA:5,App
DA:9,5
LF:1
LH:1
BRF:0
BRH:0
end_of_record
TN:
SF:C:\Users\asif.syed\react_playground\react-testing\src\apiCalls.js
FN:3,getData
FNF:1
FNH:1
FNDA:4,getData
DA:4,4
DA:5,1
LF:2
LH:2
BRF:0
BRH:0
end_of_record
TN:
SF:C:\Users\asif.syed\react_playground\react-testing\src\enzymeSetUp.js
FNF:0
FNH:0
DA:4,10
LF:1
LH:1
BRF:0
BRH:0
end_of_record
TN:
SF:C:\Users\asif.syed\react_playground\react-testing\src\index.js
FNF:0
FNH:0
DA:10,0
LF:1
LH:0
BRF:0
BRH:0
end_of_record
TN:
SF:C:\Users\asif.syed\react_playground\react-testing\src\testHelpers.js
FN:4,(anonymous_0)
FN:6,(anonymous_1)
FNF:2
FNH:2
FNDA:20,(anonymous_0)
FNDA:12,(anonymous_1)
DA:4,20
DA:6,12
LF:2
LH:2
BRF:0
BRH:0
end_of_record
TN:
SF:C:\Users\asif.syed\react_playground\react-testing\src\Components\Comments.js
FN:6,Comments
FN:11,(anonymous_1)
FN:23,(anonymous_2)
FNF:3
FNH:3
FNDA:6,Comments
FNDA:6,(anonymous_1)
FNDA:4,(anonymous_2)
DA:7,6
DA:11,6
DA:17,5
DA:23,5
LF:4
LH:4
BRF:0
BRH:0
end_of_record
TN:
SF:C:\Users\asif.syed\react_playground\react-testing\src\Components\Entry.js
FN:4,Entry
FNF:1
FNH:1
FNDA:2,Entry
DA:5,2
DA:14,8
LF:2
LH:2
BRF:0
BRH:0
end_of_record
TN:
SF:C:\Users\asif.syed\react_playground\react-testing\src\Components\ErrorAlert.js
FN:4,ErrorAlert
FNF:1
FNH:1
FNDA:1,ErrorAlert
DA:5,1
LF:1
LH:1
BRF:0
BRH:0
end_of_record
TN:
SF:C:\Users\asif.syed\react_playground\react-testing\src\Components\LoadedData.js
FN:7,LoadedData
FNF:1
FNH:1
FNDA:3,LoadedData
DA:8,3
LF:1
LH:1
BRF:0
BRH:0
end_of_record
TN:
SF:C:\Users\asif.syed\react_playground\react-testing\src\Components\Posts.js
FN:7,Post
FN:12,(anonymous_1)
FN:22,(anonymous_2)
FNF:3
FNH:3
FNDA:3,Post
FNDA:1,(anonymous_1)
FNDA:4,(anonymous_2)
DA:8,3
DA:12,1
DA:18,5
DA:22,5
LF:4
LH:4
BRF:0
BRH:0
end_of_record
TN:
SF:C:\Users\asif.syed\react_playground\react-testing\src\Components\Spinner.js
FN:4,LoadingSpinner
FNF:1
FNH:1
FNDA:1,LoadingSpinner
DA:5,1
LF:1
LH:1
BRF:0
BRH:0
end_of_record
TN:
SF:C:\Users\asif.syed\react_playground\react-testing\src\Components\Users.js
FN:6,User
FN:11,(anonymous_1)
FN:22,(anonymous_2)
FNF:3
FNH:3
FNDA:6,User
FNDA:6,(anonymous_1)
FNDA:4,(anonymous_2)
DA:7,6
DA:11,6
DA:16,5
DA:22,5
LF:4
LH:4
BRF:0
BRH:0
end_of_record
TN:
SF:C:\Users\asif.syed\react_playground\react-testing\src\Pages\LandingPage.js
FN:6,UnConnectedLandingPage
FN:24,(anonymous_1)
FN:38,(anonymous_2)
FN:47,(anonymous_3)
FN:48,(anonymous_4)
FNF:5
FNH:5
FNDA:9,UnConnectedLandingPage
FNDA:2,(anonymous_1)
FNDA:9,(anonymous_2)
FNDA:4,(anonymous_3)
FNDA:1,(anonymous_4)
DA:7,9
DA:9,9
DA:24,9
DA:26,2
DA:28,2
DA:30,2
DA:32,9
DA:38,9
DA:47,4
DA:48,1
LF:10
LH:10
BRF:0
BRH:0
end_of_record
TN:
SF:C:\Users\asif.syed\react_playground\react-testing\src\Pages\MainPage.js
FN:8,UnConnectedMainPage
FN:26,(anonymous_1)
FN:31,(anonymous_2)
FN:32,(anonymous_3)
FN:33,(anonymous_4)
FN:34,(anonymous_5)
FNF:6
FNH:6
FNDA:10,UnConnectedMainPage
FNDA:5,(anonymous_1)
FNDA:5,(anonymous_2)
FNDA:1,(anonymous_3)
FNDA:1,(anonymous_4)
FNDA:1,(anonymous_5)
DA:10,10
DA:26,5
DA:31,5
DA:32,1
DA:33,1
DA:34,1
LF:6
LH:6
BRDA:19,0,0,1
BRDA:19,0,1,9
BRDA:21,1,0,1
BRDA:21,1,1,9
BRF:4
BRH:4
end_of_record
TN:
SF:C:\Users\asif.syed\react_playground\react-testing\src\Pages\NotFoundPage.js
FN:4,NotFoundPage
FN:13,(anonymous_1)
FNF:2
FNH:2
FNDA:2,NotFoundPage
FNDA:1,(anonymous_1)
DA:5,2
DA:13,1
LF:2
LH:2
BRF:0
BRH:0
end_of_record
TN:
SF:C:\Users\asif.syed\react_playground\react-testing\src\redux\actionTypes.js
FNF:0
FNH:0
LF:0
LH:0
BRF:0
BRH:0
end_of_record
TN:
SF:C:\Users\asif.syed\react_playground\react-testing\src\redux\actions.js
FN:3,(anonymous_0)
FN:7,(anonymous_1)
FN:10,(anonymous_2)
FN:14,(anonymous_3)
FN:17,(anonymous_4)
FN:20,(anonymous_5)
FN:23,(anonymous_6)
FN:27,(anonymous_7)
FN:31,(anonymous_8)
FNF:9
FNH:9
FNDA:1,(anonymous_0)
FNDA:1,(anonymous_1)
FNDA:2,(anonymous_2)
FNDA:3,(anonymous_3)
FNDA:3,(anonymous_4)
FNDA:3,(anonymous_5)
FNDA:1,(anonymous_6)
FNDA:1,(anonymous_7)
FNDA:1,(anonymous_8)
DA:3,4
DA:7,4
DA:10,4
DA:14,4
DA:17,4
DA:20,4
DA:23,4
DA:27,4
DA:31,4
LF:9
LH:9
BRF:0
BRH:0
end_of_record
TN:
SF:C:\Users\asif.syed\react_playground\react-testing\src\redux\index.js
FNF:0
FNH:0
DA:6,0
DA:7,0
DA:12,0
LF:3
LH:0
BRF:0
BRH:0
end_of_record
TN:
SF:C:\Users\asif.syed\react_playground\react-testing\src\redux\reducers\commentsReducer.js
FN:1,(anonymous_0)
FNF:1
FNH:1
FNDA:36,(anonymous_0)
DA:1,11
DA:2,36
DA:3,2
DA:4,2
DA:6,34
LF:5
LH:5
BRDA:1,0,0,31
BRDA:2,1,0,2
BRDA:2,1,1,34
BRF:3
BRH:3
end_of_record
TN:
SF:C:\Users\asif.syed\react_playground\react-testing\src\redux\reducers\errorReducer.js
FN:1,(anonymous_0)
FNF:1
FNH:1
FNDA:36,(anonymous_0)
DA:1,11
DA:2,36
DA:3,1
DA:4,35
DA:5,1
DA:7,34
LF:6
LH:6
BRDA:1,0,0,34
BRDA:2,1,0,1
BRDA:2,1,1,35
BRDA:4,2,0,1
BRDA:4,2,1,34
BRF:5
BRH:5
end_of_record
TN:
SF:C:\Users\asif.syed\react_playground\react-testing\src\redux\reducers\index.js
FNF:0
FNH:0
DA:10,10
LF:1
LH:1
BRF:0
BRH:0
end_of_record
TN:
SF:C:\Users\asif.syed\react_playground\react-testing\src\redux\reducers\loadingReducer.js
FN:1,(anonymous_0)
FNF:1
FNH:1
FNDA:36,(anonymous_0)
DA:1,11
DA:2,36
DA:3,1
DA:4,35
DA:5,1
DA:7,34
LF:6
LH:6
BRDA:1,0,0,34
BRDA:2,1,0,1
BRDA:2,1,1,35
BRDA:4,2,0,1
BRDA:4,2,1,34
BRF:5
BRH:5
end_of_record
TN:
SF:C:\Users\asif.syed\react_playground\react-testing\src\redux\reducers\nameReducer.js
FN:1,(anonymous_0)
FNF:1
FNH:1
FNDA:36,(anonymous_0)
DA:1,11
DA:2,36
DA:3,3
DA:5,33
LF:4
LH:4
BRDA:1,0,0,32
BRDA:2,1,0,3
BRDA:2,1,1,33
BRF:3
BRH:3
end_of_record
TN:
SF:C:\Users\asif.syed\react_playground\react-testing\src\redux\reducers\postsReducer.js
FN:1,(anonymous_0)
FNF:1
FNH:1
FNDA:36,(anonymous_0)
DA:1,11
DA:2,36
DA:3,2
DA:4,2
DA:6,34
LF:5
LH:5
BRDA:1,0,0,31
BRDA:2,1,0,2
BRDA:2,1,1,34
BRF:3
BRH:3
end_of_record
TN:
SF:C:\Users\asif.syed\react_playground\react-testing\src\redux\reducers\usersReducer.js
FN:2,(anonymous_0)
FNF:1
FNH:1
FNDA:36,(anonymous_0)
DA:2,11
DA:4,36
DA:5,2
DA:7,2
DA:9,34
LF:5
LH:5
BRDA:2,0,0,31
BRDA:4,1,0,2
BRDA:4,1,1,34
BRF:3
BRH:3
end_of_record
TN:
SF:C:\Users\asif.syed\react_playground\react-testing\src\redux\sagas\getCommentsSaga.js
FN:5,getCommentsData
FNF:1
FNH:1
FNDA:3,getCommentsData
DA:6,3
DA:7,3
DA:8,3
DA:9,2
LF:4
LH:4
BRF:0
BRH:0
end_of_record
TN:
SF:C:\Users\asif.syed\react_playground\react-testing\src\redux\sagas\getPostsSaga.js
FN:5,getPostsData
FNF:1
FNH:1
FNDA:3,getPostsData
DA:6,3
DA:7,3
DA:8,3
DA:9,2
LF:4
LH:4
BRF:0
BRH:0
end_of_record
TN:
SF:C:\Users\asif.syed\react_playground\react-testing\src\redux\sagas\getUsersSaga.js
FN:6,getUsersData
FNF:1
FNH:1
FNDA:3,getUsersData
DA:7,3
DA:8,3
DA:9,3
DA:10,2
LF:4
LH:4
BRF:0
BRH:0
end_of_record
TN:
SF:C:\Users\asif.syed\react_playground\react-testing\src\redux\sagas\helperSagas.js
FN:7,beforeApiCall
FN:13,apiCall
FN:25,afterSuccessApiCall
FN:31,afterFailedApiCall
FNF:4
FNH:4
FNDA:10,beforeApiCall
FNDA:9,apiCall
FNDA:7,afterSuccessApiCall
FNDA:4,afterFailedApiCall
DA:8,10
DA:9,10
DA:15,9
DA:16,9
DA:17,3
DA:20,3
DA:26,7
DA:27,7
DA:32,4
DA:33,4
LF:10
LH:10
BRF:0
BRH:0
end_of_record
TN:
SF:C:\Users\asif.syed\react_playground\react-testing\src\redux\sagas\index.js
FN:6,rootSaga
FNF:1
FNH:1
FNDA:1,rootSaga
DA:7,1
DA:8,1
DA:9,1
LF:3
LH:3
BRF:0
BRH:0
end_of_record
